23:30:35 **** Incremental Build of configuration Debug for project timers_delays ****
make -j4 all 
arm-none-eabi-gcc "../Core/Src/main.c" -mcpu=cortex-m4 -std=gnu11 -g3 -DDEBUG -DUSE_HAL_DRIVER -DSTM32F446xx -c -I../Core/Inc -I../Drivers/STM32F4xx_HAL_Driver/Inc -I../Drivers/STM32F4xx_HAL_Driver/Inc/Legacy -I../Drivers/CMSIS/Device/ST/STM32F4xx/Include -I../Drivers/CMSIS/Include -O0 -ffunction-sections -fdata-sections -Wall -fstack-usage -fcyclomatic-complexity -MMD -MP -MF"Core/Src/main.d" -MT"Core/Src/main.o" --specs=nano.specs -mfpu=fpv4-sp-d16 -mfloat-abi=hard -mthumb -o "Core/Src/main.o"
arm-none-eabi-gcc -o "timers_delays.elf" @"objects.list"   -mcpu=cortex-m4 -T"D:\embedded_c\embedded satoshi\embedded firmware development\timers_delays\STM32F446RETX_FLASH.ld" --specs=nosys.specs -Wl,-Map="timers_delays.map" -Wl,--gc-sections -static --specs=nano.specs -mfpu=fpv4-sp-d16 -mfloat-abi=hard -mthumb -Wl,--start-group -lc -lm -Wl,--end-group
C:/ST/STM32CubeIDE_1.19.0/STM32CubeIDE/plugins/com.st.stm32cube.ide.mcu.externaltools.gnu-tools-for-stm32.13.3.rel1.win32_1.0.0.202411081344/tools/bin/../lib/gcc/arm-none-eabi/13.3.1/../../../../arm-none-eabi/bin/ld.exe: ./Core/Src/stm32f4xx_it.o: in function `SysTick_Handler':
D:/embedded_c/embedded satoshi/embedded firmware development/timers_delays/Debug/../Core/Src/stm32f4xx_it.c:184: multiple definition of `SysTick_Handler'; ./Core/Src/main.o:D:/embedded_c/embedded satoshi/embedded firmware development/timers_delays/Debug/../Core/Src/main.c:7: first defined here
collect2.exe: error: ld returned 1 exit status
make: *** [makefile:64: timers_delays.elf] Error 1
"make -j4 all" terminated with exit code 2. Build might be incomplete.

23:30:36 Build Failed. 2 errors, 0 warnings. (took 798ms)

